0 info it worked if it ends with ok
1 verbose cli [ 'c:\\Program Files\\nodejs\\node.exe',
1 verbose cli   'c:\\Program Files\\nodejs\\node_modules\\npm\\bin\\npm-cli.js',
1 verbose cli   'install',
1 verbose cli   'riotjs' ]
2 info using npm@1.4.3
3 info using node@v0.10.26
4 warn package.json To-Do@0.1.0 No README data
5 verbose readDependencies using package.json deps
6 verbose cache add [ 'riotjs', null ]
7 verbose cache add name=undefined spec="riotjs" args=["riotjs",null]
8 verbose parsed url { protocol: null,
8 verbose parsed url   slashes: null,
8 verbose parsed url   auth: null,
8 verbose parsed url   host: null,
8 verbose parsed url   port: null,
8 verbose parsed url   hostname: null,
8 verbose parsed url   hash: null,
8 verbose parsed url   search: null,
8 verbose parsed url   query: null,
8 verbose parsed url   pathname: 'riotjs',
8 verbose parsed url   path: 'riotjs',
8 verbose parsed url   href: 'riotjs' }
9 silly lockFile 108d4e40-riotjs riotjs
10 verbose lock riotjs C:\Users\Matt\AppData\Roaming\npm-cache\108d4e40-riotjs.lock
11 silly lockFile 108d4e40-riotjs riotjs
12 silly lockFile 108d4e40-riotjs riotjs
13 verbose addNamed [ 'riotjs', '' ]
14 verbose addNamed [ null, '*' ]
15 silly lockFile ac2dd77f-riotjs riotjs@
16 verbose lock riotjs@ C:\Users\Matt\AppData\Roaming\npm-cache\ac2dd77f-riotjs.lock
17 silly addNameRange { name: 'riotjs', range: '*', hasData: false }
18 verbose url raw riotjs
19 verbose url resolving [ 'https://registry.npmjs.org/', './riotjs' ]
20 verbose url resolved https://registry.npmjs.org/riotjs
21 info trying registry request attempt 1 at 00:27:50
22 verbose etag "70JTGQJ86PC2RSHMUFQZAKTX1"
23 http GET https://registry.npmjs.org/riotjs
24 http 304 https://registry.npmjs.org/riotjs
25 silly registry.get cb [ 304,
25 silly registry.get   { date: 'Tue, 29 Apr 2014 04:27:52 GMT',
25 silly registry.get     server: 'Apache',
25 silly registry.get     via: '1.1 varnish',
25 silly registry.get     'last-modified': 'Tue, 29 Apr 2014 04:27:52 GMT',
25 silly registry.get     'cache-control': 'max-age=1',
25 silly registry.get     etag: '"70JTGQJ86PC2RSHMUFQZAKTX1"',
25 silly registry.get     'x-served-by': 'cache-v41-ASH',
25 silly registry.get     'x-cache': 'MISS',
25 silly registry.get     'x-cache-hits': '0',
25 silly registry.get     'x-timer': 'S1398745672.022459745,VS0,VE97',
25 silly registry.get     vary: 'Accept',
25 silly registry.get     'content-length': '0',
25 silly registry.get     'keep-alive': 'timeout=10, max=50',
25 silly registry.get     connection: 'Keep-Alive' } ]
26 verbose etag riotjs from cache
27 silly addNameRange number 2 { name: 'riotjs', range: '*', hasData: true }
28 silly addNameRange versions [ 'riotjs', [ '1.0.0' ] ]
29 verbose addNamed [ 'riotjs', '1.0.0' ]
30 verbose addNamed [ '1.0.0', '1.0.0' ]
31 silly lockFile 09357d0d-riotjs-1-0-0 riotjs@1.0.0
32 verbose lock riotjs@1.0.0 C:\Users\Matt\AppData\Roaming\npm-cache\09357d0d-riotjs-1-0-0.lock
33 silly lockFile 43ce24e6-pmjs-org-riotjs-riotjs-1-0-0-tgz https://registry.npmjs.org/riotjs/-/riotjs-1.0.0.tgz
34 verbose lock https://registry.npmjs.org/riotjs/-/riotjs-1.0.0.tgz C:\Users\Matt\AppData\Roaming\npm-cache\43ce24e6-pmjs-org-riotjs-riotjs-1-0-0-tgz.lock
35 verbose addRemoteTarball [ 'https://registry.npmjs.org/riotjs/-/riotjs-1.0.0.tgz',
35 verbose addRemoteTarball   'fa4e8a9d388f605e74347fd1a5cebeb37e87eb7e' ]
36 info retry fetch attempt 1 at 00:27:50
37 verbose fetch to= C:\Users\Matt\AppData\Local\Temp\npm-4928-ox4pjfye\1398745670787-0.05904627940617502\tmp.tgz
38 http GET https://registry.npmjs.org/riotjs/-/riotjs-1.0.0.tgz
39 http 404 https://registry.npmjs.org/riotjs/-/riotjs-1.0.0.tgz
40 error fetch failed https://registry.npmjs.org/riotjs/-/riotjs-1.0.0.tgz
41 silly lockFile 43ce24e6-pmjs-org-riotjs-riotjs-1-0-0-tgz https://registry.npmjs.org/riotjs/-/riotjs-1.0.0.tgz
42 silly lockFile 43ce24e6-pmjs-org-riotjs-riotjs-1-0-0-tgz https://registry.npmjs.org/riotjs/-/riotjs-1.0.0.tgz
43 silly lockFile 09357d0d-riotjs-1-0-0 riotjs@1.0.0
44 silly lockFile 09357d0d-riotjs-1-0-0 riotjs@1.0.0
45 silly lockFile ac2dd77f-riotjs riotjs@
46 silly lockFile ac2dd77f-riotjs riotjs@
47 error Error: 404 Not Found
47 error     at WriteStream.<anonymous> (c:\Program Files\nodejs\node_modules\npm\lib\utils\fetch.js:57:12)
47 error     at WriteStream.EventEmitter.emit (events.js:117:20)
47 error     at fs.js:1598:14
47 error     at c:\Program Files\nodejs\node_modules\npm\node_modules\graceful-fs\graceful-fs.js:105:5
47 error     at Object.oncomplete (fs.js:107:15)
48 error If you need help, you may report this *entire* log,
48 error including the npm and node versions, at:
48 error     <http://github.com/npm/npm/issues>
49 error System Windows_NT 6.2.9200
50 error command "c:\\Program Files\\nodejs\\node.exe" "c:\\Program Files\\nodejs\\node_modules\\npm\\bin\\npm-cli.js" "install" "riotjs"
51 error cwd c:\Users\Matt\code\to-do
52 error node -v v0.10.26
53 error npm -v 1.4.3
54 verbose exit [ 1, true ]
